[2025-09-23 21:43:02] log start
[2025-09-23 21:43:02][INFO] Binding subsystems
[2025-09-23 21:43:02][INFO] Preloading global assets
[2025-09-23 21:43:02][INFO] Loading gameplay database
[2025-09-23 21:43:02][INFO] Registering scenes
[2025-09-23 21:43:02][INFO] Registering systems
[2025-09-23 21:43:02][INFO] Registering system camera_system
[2025-09-23 21:43:02][INFO] Registering system grid_system
[2025-09-23 21:43:02][INFO] Registering system placement_system
[2025-09-23 21:43:02][INFO] Registering system tool_system
[2025-09-23 21:43:02][INFO] Registering system crop_growth_system
[2025-09-23 21:43:02][INFO] Registering system hydration_system
[2025-09-23 21:43:02][INFO] Registering system fertility_system
[2025-09-23 21:43:02][INFO] Registering system harvest_system
[2025-09-23 21:43:02][INFO] Registering system inventory_system
[2025-09-23 21:43:02][INFO] Registering system economy_system
[2025-09-23 21:43:02][INFO] Registering system audio_system
[2025-09-23 21:43:02][INFO] Registering system ui_system
[2025-09-23 21:43:02][INFO] Registering system scene_system
[2025-09-23 21:43:02][INFO] Registering system save_system
[2025-09-23 21:43:02][INFO] Registering system render_system
[2025-09-23 21:43:02][INFO] Registering system fx_system
[2025-09-23 21:43:02][INFO] Activating farm scene
[2025-09-23 21:43:02][INFO] Save file detected, emitting load event
[2025-09-23 21:43:02][INFO] Startup sequence complete
[2025-09-23 21:43:02][INFO] Frame dt=0.0383
